c:\users\asif ali\documents\visual studio 2013\4th semester\c++\doublelinklistpractice\doublelinklistpractice\debug\doublelinklistpractice.pch.codeanalysis
c:\users\asif ali\documents\visual studio 2013\4th semester\c++\doublelinklistpractice\doublelinklistpractice\debug\vc120.pdb
c:\users\asif ali\documents\visual studio 2013\4th semester\c++\doublelinklistpractice\doublelinklistpractice\debug\vc120.idb
c:\users\asif ali\documents\visual studio 2013\4th semester\c++\doublelinklistpractice\doublelinklistpractice\debug\doublelinklistpractice.pch.codeanalysisast
c:\users\asif ali\documents\visual studio 2013\4th semester\c++\doublelinklistpractice\doublelinklistpractice\debug\stdafx.nativecodeanalysis.xml
c:\users\asif ali\documents\visual studio 2013\4th semester\c++\doublelinklistpractice\doublelinklistpractice\debug\stdafx.obj
c:\users\asif ali\documents\visual studio 2013\4th semester\c++\doublelinklistpractice\doublelinklistpractice\debug\doublelinklistpractice.nativecodeanalysis.xml
c:\users\asif ali\documents\visual studio 2013\4th semester\c++\doublelinklistpractice\doublelinklistpractice\debug\doublelinklistpractice.obj
c:\users\asif ali\documents\visual studio 2013\4th semester\c++\doublelinklistpractice\debug\doublelinklistpractice.ilk
c:\users\asif ali\documents\visual studio 2013\4th semester\c++\doublelinklistpractice\debug\doublelinklistpractice.exe
c:\users\asif ali\documents\visual studio 2013\4th semester\c++\doublelinklistpractice\debug\doublelinklistpractice.pdb
c:\users\asif ali\documents\visual studio 2013\4th semester\c++\doublelinklistpractice\doublelinklistpractice\debug\nativecodeanalysis.read.1.tlog
c:\users\asif ali\documents\visual studio 2013\4th semester\c++\doublelinklistpractice\doublelinklistpractice\debug\vc.nativecodeanalysis.all.xml
c:\users\asif ali\documents\visual studio 2013\4th semester\c++\doublelinklistpractice\debug\doublelinklistpractice.exe.lastcodeanalysissucceeded
c:\users\asif ali\documents\visual studio 2013\4th semester\c++\doublelinklistpractice\doublelinklistpractice\debug\doubleli.faa19134.tlog\cl.command.1.tlog
c:\users\asif ali\documents\visual studio 2013\4th semester\c++\doublelinklistpractice\doublelinklistpractice\debug\doubleli.faa19134.tlog\cl.read.1.tlog
c:\users\asif ali\documents\visual studio 2013\4th semester\c++\doublelinklistpractice\doublelinklistpractice\debug\doubleli.faa19134.tlog\cl.write.1.tlog
c:\users\asif ali\documents\visual studio 2013\4th semester\c++\doublelinklistpractice\doublelinklistpractice\debug\doubleli.faa19134.tlog\link.command.1.tlog
c:\users\asif ali\documents\visual studio 2013\4th semester\c++\doublelinklistpractice\doublelinklistpractice\debug\doubleli.faa19134.tlog\link.read.1.tlog
c:\users\asif ali\documents\visual studio 2013\4th semester\c++\doublelinklistpractice\doublelinklistpractice\debug\doubleli.faa19134.tlog\link.write.1.tlog
